<?xml version="1.0" encoding="UTF-8"?>
<!-- Generated by org.testng.reporters.JUnitXMLReporter -->
<testsuite hostname="LAPTOP-2NCT89FI" ignored="3" name="Test" tests="1" failures="0" timestamp="2020-03-04T21:55:06 IST" time="0.08" errors="0">
  <testcase name="BrowserAutomation" time="0.008" classname="yuneeksolutions.SeleniumTest"/>
  <testcase name="elementsUI" time="0.0" classname="yuneeksolutions.SeleniumTest">
    <ignored/>
  </testcase> <!-- elementsUI -->
  <testcase name="nativeApp" time="0.0" classname="yuneeksolutions.AppiumTest">
    <ignored/>
  </testcase> <!-- nativeApp -->
  <testcase name="createJIRA" time="0.0" classname="yuneeksolutions.RESTAPITest">
    <ignored/>
  </testcase> <!-- createJIRA -->
</testsuite> <!-- Test -->
