<?xml version="1.0" encoding="UTF-8"?>
<testng-results skipped="0" failed="0" ignored="3" total="4" passed="1">
  <reporter-output>
  </reporter-output>
  <suite name="Suite" duration-ms="80" started-at="2020-03-04T21:55:06 IST" finished-at="2020-03-04T21:55:06 IST">
    <groups>
      <group name="Smoke">
        <method signature="SeleniumTest.BrowserAutomation()[pri:0, instance:yuneeksolutions.SeleniumTest@4e9ba398]" name="BrowserAutomation" class="yuneeksolutions.SeleniumTest"/>
      </group> <!-- Smoke -->
    </groups>
    <test name="Test" duration-ms="80" started-at="2020-03-04T21:55:06 IST" finished-at="2020-03-04T21:55:06 IST">
      <class name="yuneeksolutions.SeleniumTest">
        <test-method status="PASS" signature="BrowserAutomation()[pri:0, instance:yuneeksolutions.SeleniumTest@4e9ba398]" name="BrowserAutomation" duration-ms="8" started-at="2020-03-04T21:55:06 IST" finished-at="2020-03-04T21:55:06 IST">
          <reporter-output>
          </reporter-output>
        </test-method> <!-- BrowserAutomation -->
      </class> <!-- yuneeksolutions.SeleniumTest -->
    </test> <!-- Test -->
  </suite> <!-- Suite -->
</testng-results>
